{
  "0 debug pnpm:scope": {
    "selected": 1
  },
  "1 error pnpm": {
    "errno": 1,
    "code": "ELIFECYCLE",
    "pkgid": "swr-site@1.0.0",
    "stage": "dev",
    "script": "next",
    "pkgname": "swr-site",
    "err": {
      "name": "pnpm",
      "message": "swr-site@1.0.0 dev: `next`\nExit status 1",
      "code": "ELIFECYCLE",
      "stack": "pnpm: swr-site@1.0.0 dev: `next`\nExit status 1\n    at EventEmitter.<anonymous> (C:\\Users\\92762\\scoop\\persist\\nodejs\\bin\\node_modules\\pnpm\\dist\\pnpm.cjs:107209:20)\n    at EventEmitter.emit (node:events:527:28)\n    at ChildProcess.<anonymous> (C:\\Users\\92762\\scoop\\persist\\nodejs\\bin\\node_modules\\pnpm\\dist\\pnpm.cjs:93778:18)\n    at ChildProcess.emit (node:events:527:28)\n    at maybeClose (node:internal/child_process:1090:16)\n    at Process.ChildProcess._handle.onexit (node:internal/child_process:302:5)"
    }
  },
  "2 warn pnpm:global": " Local package.json exists, but node_modules missing, did you mean to install?"
}